# JRE version: OpenJDK Runtime Environment Temurin-21.0.5+11 (21.0.5+11) (build 21.0.5+11-LTS)
# Java VM: OpenJDK 64-Bit Server VM Temurin-21.0.5+11 (21.0.5+11-LTS, mixed mode, emulated-client, sharing, tiered, compressed oops, compressed class ptrs, g1 gc, windows-amd64)
GC Precious Log:
 CardTable entry size: 512
 Card Set container configuration: InlinePtr #cards 5 size 8 Array Of Cards #cards 12 size 40 Howl #buckets 4 coarsen threshold 1843 Howl Bitmap #cards 512 size 80 coarsen threshold 460 Card regions per heap region 1 cards per card region 2048
 CPUs: 8 total, 8 available
 Memory: 7975M
 Large Page Support: Disabled
 NUMA Support: Disabled
 Compressed Oops: Enabled (32-bit)
 Heap Region Size: 1M
 Heap Min Capacity: 8M
 Heap Initial Capacity: 126M
 Heap Max Capacity: 1994M
 Pre-touch: Disabled
 Parallel Workers: 8
 Concurrent Workers: 2
 Concurrent Refinement Workers: 8
 Periodic GC: Disabled
Heap:
 garbage-first heap   total 491520K, used 92071K [0x0000000083600000, 0x0000000100000000)
  region size 1024K, 29 young (29696K), 3 survivors (3072K)
 Metaspace       used 98964K, committed 100032K, reserved 1179648K
  class space    used 13807K, committed 14336K, reserved 1048576K
GC Heap History (20 events):
Event: 11461.349 GC heap after
{Heap after GC invocations=63 (full 2):
 garbage-first heap   total 163840K, used 47694K [0x0000000083600000, 0x0000000100000000)
  region size 1024K, 0 young (0K), 0 survivors (0K)
 Metaspace       used 93925K, committed 95040K, reserved 1179648K
  class space    used 13377K, committed 13888K, reserved 1048576K
}
Event: 11468.554 GC heap before
{Heap before GC invocations=63 (full 2):
 garbage-first heap   total 163840K, used 130638K [0x0000000083600000, 0x0000000100000000)
  region size 1024K, 83 young (84992K), 0 survivors (0K)
 Metaspace       used 94863K, committed 95872K, reserved 1179648K
  class space    used 13492K, committed 13952K, reserved 1048576K
}
Event: 11468.594 GC heap after
{Heap after GC invocations=64 (full 2):
 garbage-first heap   total 163840K, used 56228K [0x0000000083600000, 0x0000000100000000)
  region size 1024K, 9 young (9216K), 9 survivors (9216K)
 Metaspace       used 94863K, committed 95872K, reserved 1179648K
  class space    used 13492K, committed 13952K, reserved 1048576K
}
Event: 11472.616 GC heap before
{Heap before GC invocations=65 (full 2):
 garbage-first heap   total 163840K, used 114596K [0x0000000083600000, 0x0000000100000000)
  region size 1024K, 67 young (68608K), 9 survivors (9216K)
 Metaspace       used 95241K, committed 96256K, reserved 1179648K
  class space    used 13531K, committed 14016K, reserved 1048576K
}
Event: 11472.652 GC heap after
{Heap after GC invocations=66 (full 2):
 garbage-first heap   total 163840K, used 59676K [0x0000000083600000, 0x0000000100000000)
  region size 1024K, 4 young (4096K), 4 survivors (4096K)
 Metaspace       used 95241K, committed 96256K, reserved 1179648K
  class space    used 13531K, committed 14016K, reserved 1048576K
}
Event: 11475.631 GC heap before
{Heap before GC invocations=67 (full 2):
 garbage-first heap   total 163840K, used 146716K [0x0000000083600000, 0x0000000100000000)
  region size 1024K, 89 young (91136K), 4 survivors (4096K)
 Metaspace       used 96619K, committed 97792K, reserved 1179648K
  class space    used 13671K, committed 14208K, reserved 1048576K
}
Event: 11475.675 GC heap after
{Heap after GC invocations=68 (full 2):
 garbage-first heap   total 163840K, used 68065K [0x0000000083600000, 0x0000000100000000)
  region size 1024K, 12 young (12288K), 12 survivors (12288K)
 Metaspace       used 96619K, committed 97792K, reserved 1179648K
  class space    used 13671K, committed 14208K, reserved 1048576K
}
Event: 11475.676 GC heap before
{Heap before GC invocations=68 (full 2):
 garbage-first heap   total 163840K, used 69089K [0x0000000083600000, 0x0000000100000000)
  region size 1024K, 13 young (13312K), 12 survivors (12288K)
 Metaspace       used 96619K, committed 97792K, reserved 1179648K
  class space    used 13671K, committed 14208K, reserved 1048576K
}
Event: 11475.691 GC heap after
{Heap after GC invocations=69 (full 2):
 garbage-first heap   total 163840K, used 68488K [0x0000000083600000, 0x0000000100000000)
  region size 1024K, 1 young (1024K), 1 survivors (1024K)
 Metaspace       used 96619K, committed 97792K, reserved 1179648K
  class space    used 13671K, committed 14208K, reserved 1048576K
}
Event: 11477.125 GC heap before
{Heap before GC invocations=69 (full 2):
 garbage-first heap   total 163840K, used 76680K [0x0000000083600000, 0x0000000100000000)
  region size 1024K, 10 young (10240K), 1 survivors (1024K)
 Metaspace       used 96871K, committed 98048K, reserved 1179648K
  class space    used 13695K, committed 14272K, reserved 1048576K
}
Event: 11477.237 GC heap after
{Heap after GC invocations=70 (full 3):
 garbage-first heap   total 163840K, used 50183K [0x0000000083600000, 0x0000000100000000)
  region size 1024K, 0 young (0K), 0 survivors (0K)
 Metaspace       used 96368K, committed 98048K, reserved 1179648K
  class space    used 13581K, committed 14272K, reserved 1048576K
}
Event: 11477.249 GC heap before
{Heap before GC invocations=70 (full 3):
 garbage-first heap   total 163840K, used 50183K [0x0000000083600000, 0x0000000100000000)
  region size 1024K, 1 young (1024K), 0 survivors (0K)
 Metaspace       used 96368K, committed 98048K, reserved 1179648K
  class space    used 13581K, committed 14272K, reserved 1048576K
}
Event: 11477.335 GC heap after
{Heap after GC invocations=71 (full 4):
 garbage-first heap   total 163840K, used 50182K [0x0000000083600000, 0x0000000100000000)
  region size 1024K, 0 young (0K), 0 survivors (0K)
 Metaspace       used 96368K, committed 98048K, reserved 1179648K
  class space    used 13581K, committed 14272K, reserved 1048576K
}
Event: 11479.169 GC heap before
{Heap before GC invocations=71 (full 4):
 garbage-first heap   total 163840K, used 141318K [0x0000000083600000, 0x0000000100000000)
  region size 1024K, 90 young (92160K), 0 survivors (0K)
 Metaspace       used 97195K, committed 98304K, reserved 1179648K
  class space    used 13660K, committed 14272K, reserved 1048576K
}
Event: 11479.176 GC heap after
{Heap after GC invocations=72 (full 4):
 garbage-first heap   total 163840K, used 57977K [0x0000000083600000, 0x0000000100000000)
  region size 1024K, 8 young (8192K), 8 survivors (8192K)
 Metaspace       used 97195K, committed 98304K, reserved 1179648K
  class space    used 13660K, committed 14272K, reserved 1048576K
}
Event: 11480.001 GC heap before
{Heap before GC invocations=73 (full 4):
 garbage-first heap   total 163840K, used 142969K [0x0000000083600000, 0x0000000100000000)
  region size 1024K, 91 young (93184K), 8 survivors (8192K)
 Metaspace       used 98494K, committed 99520K, reserved 1179648K
  class space    used 13773K, committed 14272K, reserved 1048576K
}
Event: 11480.011 GC heap after
{Heap after GC invocations=74 (full 4):
 garbage-first heap   total 163840K, used 64084K [0x0000000083600000, 0x0000000100000000)
  region size 1024K, 7 young (7168K), 7 survivors (7168K)
 Metaspace       used 98494K, committed 99520K, reserved 1179648K
  class space    used 13773K, committed 14272K, reserved 1048576K
}
Event: 11612.934 GC heap before
{Heap before GC invocations=74 (full 4):
 garbage-first heap   total 163840K, used 143956K [0x0000000083600000, 0x0000000100000000)
  region size 1024K, 85 young (87040K), 7 survivors (7168K)
 Metaspace       used 98961K, committed 100032K, reserved 1179648K
  class space    used 13806K, committed 14336K, reserved 1048576K
}
Event: 11613.074 GC heap after
{Heap after GC invocations=75 (full 4):
 garbage-first heap   total 491520K, used 66471K [0x0000000083600000, 0x0000000100000000)
  region size 1024K, 3 young (3072K), 3 survivors (3072K)
 Metaspace       used 98961K, committed 100032K, reserved 1179648K
  class space    used 13806K, committed 14336K, reserved 1048576K
}
Event: 11725.559 GC heap before
{Heap before GC invocations=75 (full 4):
 garbage-first heap   total 491520K, used 92071K [0x0000000083600000, 0x0000000100000000)
  region size 1024K, 29 young (29696K), 3 survivors (3072K)
 Metaspace       used 98964K, committed 100032K, reserved 1179648K
  class space    used 13807K, committed 14336K, reserved 1048576K
}

