# JRE version: OpenJDK Runtime Environment Temurin-21.0.5+11 (21.0.5+11) (build 21.0.5+11-LTS)
# Java VM: OpenJDK 64-Bit Server VM Temurin-21.0.5+11 (21.0.5+11-LTS, mixed mode, emulated-client, sharing, tiered, compressed oops, compressed class ptrs, g1 gc, windows-amd64)
GC Precious Log:
 CardTable entry size: 512
 Card Set container configuration: InlinePtr #cards 5 size 8 Array Of Cards #cards 12 size 40 Howl #buckets 4 coarsen threshold 1843 Howl Bitmap #cards 512 size 80 coarsen threshold 460 Card regions per heap region 1 cards per card region 2048
 CPUs: 8 total, 8 available
 Memory: 7975M
 Large Page Support: Disabled
 NUMA Support: Disabled
 Compressed Oops: Enabled (32-bit)
 Heap Region Size: 1M
 Heap Min Capacity: 8M
 Heap Initial Capacity: 126M
 Heap Max Capacity: 1994M
 Pre-touch: Disabled
 Parallel Workers: 8
 Concurrent Workers: 2
 Concurrent Refinement Workers: 8
 Periodic GC: Disabled
Heap:
 garbage-first heap   total 162816K, used 82877K [0x0000000083600000, 0x0000000100000000)
  region size 1024K, 7 young (7168K), 7 survivors (7168K)
 Metaspace       used 73453K, committed 74176K, reserved 1114112K
  class space    used 10525K, committed 10816K, reserved 1048576K
GC Heap History (20 events):
Event: 8.598 GC heap after
{Heap after GC invocations=22 (full 0):
 garbage-first heap   total 70656K, used 35540K [0x0000000083600000, 0x0000000100000000)
  region size 1024K, 2 young (2048K), 2 survivors (2048K)
 Metaspace       used 73284K, committed 73984K, reserved 1114112K
  class space    used 10481K, committed 10816K, reserved 1048576K
}
Event: 8.654 GC heap before
{Heap before GC invocations=22 (full 0):
 garbage-first heap   total 70656K, used 64212K [0x0000000083600000, 0x0000000100000000)
  region size 1024K, 30 young (30720K), 2 survivors (2048K)
 Metaspace       used 73295K, committed 74048K, reserved 1114112K
  class space    used 10484K, committed 10816K, reserved 1048576K
}
Event: 8.662 GC heap after
{Heap after GC invocations=23 (full 0):
 garbage-first heap   total 75776K, used 43521K [0x0000000083600000, 0x0000000100000000)
  region size 1024K, 4 young (4096K), 4 survivors (4096K)
 Metaspace       used 73295K, committed 74048K, reserved 1114112K
  class space    used 10484K, committed 10816K, reserved 1048576K
}
Event: 8.705 GC heap before
{Heap before GC invocations=23 (full 0):
 garbage-first heap   total 75776K, used 65025K [0x0000000083600000, 0x0000000100000000)
  region size 1024K, 25 young (25600K), 4 survivors (4096K)
 Metaspace       used 73302K, committed 74048K, reserved 1114112K
  class space    used 10486K, committed 10816K, reserved 1048576K
}
Event: 8.713 GC heap after
{Heap after GC invocations=24 (full 0):
 garbage-first heap   total 75776K, used 49648K [0x0000000083600000, 0x0000000100000000)
  region size 1024K, 4 young (4096K), 4 survivors (4096K)
 Metaspace       used 73302K, committed 74048K, reserved 1114112K
  class space    used 10486K, committed 10816K, reserved 1048576K
}
Event: 8.764 GC heap before
{Heap before GC invocations=24 (full 0):
 garbage-first heap   total 83968K, used 66032K [0x0000000083600000, 0x0000000100000000)
  region size 1024K, 20 young (20480K), 4 survivors (4096K)
 Metaspace       used 73311K, committed 74048K, reserved 1114112K
  class space    used 10487K, committed 10816K, reserved 1048576K
}
Event: 8.769 GC heap after
{Heap after GC invocations=25 (full 0):
 garbage-first heap   total 83968K, used 52484K [0x0000000083600000, 0x0000000100000000)
  region size 1024K, 3 young (3072K), 3 survivors (3072K)
 Metaspace       used 73311K, committed 74048K, reserved 1114112K
  class space    used 10487K, committed 10816K, reserved 1048576K
}
Event: 8.817 GC heap before
{Heap before GC invocations=26 (full 0):
 garbage-first heap   total 83968K, used 71940K [0x0000000083600000, 0x0000000100000000)
  region size 1024K, 22 young (22528K), 3 survivors (3072K)
 Metaspace       used 73311K, committed 74048K, reserved 1114112K
  class space    used 10487K, committed 10816K, reserved 1048576K
}
Event: 8.820 GC heap after
{Heap after GC invocations=27 (full 0):
 garbage-first heap   total 83968K, used 53991K [0x0000000083600000, 0x0000000100000000)
  region size 1024K, 3 young (3072K), 3 survivors (3072K)
 Metaspace       used 73311K, committed 74048K, reserved 1114112K
  class space    used 10487K, committed 10816K, reserved 1048576K
}
Event: 8.858 GC heap before
{Heap before GC invocations=27 (full 0):
 garbage-first heap   total 83968K, used 72423K [0x0000000083600000, 0x0000000100000000)
  region size 1024K, 22 young (22528K), 3 survivors (3072K)
 Metaspace       used 73311K, committed 74048K, reserved 1114112K
  class space    used 10487K, committed 10816K, reserved 1048576K
}
Event: 8.868 GC heap after
{Heap after GC invocations=28 (full 0):
 garbage-first heap   total 162816K, used 61365K [0x0000000083600000, 0x0000000100000000)
  region size 1024K, 3 young (3072K), 3 survivors (3072K)
 Metaspace       used 73311K, committed 74048K, reserved 1114112K
  class space    used 10487K, committed 10816K, reserved 1048576K
}
Event: 9.099 GC heap before
{Heap before GC invocations=28 (full 0):
 garbage-first heap   total 162816K, used 128949K [0x0000000083600000, 0x0000000100000000)
  region size 1024K, 68 young (69632K), 3 survivors (3072K)
 Metaspace       used 73311K, committed 74048K, reserved 1114112K
  class space    used 10487K, committed 10816K, reserved 1048576K
}
Event: 9.117 GC heap after
{Heap after GC invocations=29 (full 0):
 garbage-first heap   total 162816K, used 81920K [0x0000000083600000, 0x0000000100000000)
  region size 1024K, 9 young (9216K), 9 survivors (9216K)
 Metaspace       used 73311K, committed 74048K, reserved 1114112K
  class space    used 10487K, committed 10816K, reserved 1048576K
}
Event: 9.266 GC heap before
{Heap before GC invocations=29 (full 0):
 garbage-first heap   total 162816K, used 122880K [0x0000000083600000, 0x0000000100000000)
  region size 1024K, 49 young (50176K), 9 survivors (9216K)
 Metaspace       used 73452K, committed 74176K, reserved 1114112K
  class space    used 10525K, committed 10816K, reserved 1048576K
}
Event: 9.278 GC heap after
{Heap after GC invocations=30 (full 0):
 garbage-first heap   total 162816K, used 90474K [0x0000000083600000, 0x0000000100000000)
  region size 1024K, 7 young (7168K), 7 survivors (7168K)
 Metaspace       used 73452K, committed 74176K, reserved 1114112K
  class space    used 10525K, committed 10816K, reserved 1048576K
}
Event: 9.373 GC heap before
{Heap before GC invocations=30 (full 0):
 garbage-first heap   total 162816K, used 130410K [0x0000000083600000, 0x0000000100000000)
  region size 1024K, 46 young (47104K), 7 survivors (7168K)
 Metaspace       used 73452K, committed 74176K, reserved 1114112K
  class space    used 10525K, committed 10816K, reserved 1048576K
}
Event: 9.389 GC heap after
{Heap after GC invocations=31 (full 0):
 garbage-first heap   total 162816K, used 100674K [0x0000000083600000, 0x0000000100000000)
  region size 1024K, 6 young (6144K), 6 survivors (6144K)
 Metaspace       used 73452K, committed 74176K, reserved 1114112K
  class space    used 10525K, committed 10816K, reserved 1048576K
}
Event: 9.478 GC heap before
{Heap before GC invocations=32 (full 0):
 garbage-first heap   total 162816K, used 110914K [0x0000000083600000, 0x0000000100000000)
  region size 1024K, 40 young (40960K), 6 survivors (6144K)
 Metaspace       used 73453K, committed 74176K, reserved 1114112K
  class space    used 10525K, committed 10816K, reserved 1048576K
}
Event: 9.485 GC heap after
{Heap after GC invocations=33 (full 0):
 garbage-first heap   total 162816K, used 81666K [0x0000000083600000, 0x0000000100000000)
  region size 1024K, 5 young (5120K), 5 survivors (5120K)
 Metaspace       used 73453K, committed 74176K, reserved 1114112K
  class space    used 10525K, committed 10816K, reserved 1048576K
}
Event: 9.580 GC heap before
{Heap before GC invocations=33 (full 0):
 garbage-first heap   total 162816K, used 131842K [0x0000000083600000, 0x0000000100000000)
  region size 1024K, 53 young (54272K), 5 survivors (5120K)
 Metaspace       used 73453K, committed 74176K, reserved 1114112K
  class space    used 10525K, committed 10816K, reserved 1048576K
}

